
============================================================
TemporalConv T值对比实验
T值: [1, 2, 3, 5, 10]
Epochs: 50, Spike TS: 160
============================================================


============================================================
开始训练 T=1
============================================================
2026-04-17 17:39:51,898 - INFO - Set random seed to: 4
2026-04-17 17:39:51,903 - INFO - Temporal Kernel T = 1
2026-04-17 17:39:51,904 - INFO - Total parameters: 534,218
2026-04-17 17:39:51,904 - INFO - TemporalConv parameters: 66,304
2026-04-17 17:39:56,796 - INFO - Training Samples per Class:
2026-04-17 17:39:56,798 - INFO - Validate Samples per Class:
2026-04-17 17:49:36,631 - INFO - Epoch: 0, Loss: 0.666102, Val Acc: 75.556 %
2026-04-17 17:59:22,249 - INFO - Epoch: 1, Loss: 0.545991, Val Acc: 81.333 %
2026-04-17 18:09:02,015 - INFO - Epoch: 2, Loss: 0.475003, Val Acc: 86.222 %
2026-04-17 18:18:34,931 - INFO - Epoch: 3, Loss: 0.437709, Val Acc: 86.889 %
2026-04-17 18:28:11,429 - INFO - Epoch: 4, Loss: 0.427413, Val Acc: 87.556 %
2026-04-17 18:37:54,235 - INFO - Epoch: 5, Loss: 0.416004, Val Acc: 87.556 %
2026-04-17 18:47:32,040 - INFO - Epoch: 6, Loss: 0.406696, Val Acc: 88.444 %
2026-04-17 18:57:03,586 - INFO - Epoch: 7, Loss: 0.395916, Val Acc: 89.333 %
2026-04-17 19:06:36,931 - INFO - Epoch: 8, Loss: 0.395273, Val Acc: 88.222 %
